[2025-04-17 15:18:53] [/workspaces/Lab01] source .devcontainer/shell.sh
[2025-04-17 15:42:31] [/workspaces/Lab01] echo "Hello, this is my Lab 01 file." > lab01_notes.txt
[2025-04-17 15:44:16] [/workspaces/Lab01] git add lab01_notes.txt
[2025-04-17 15:48:47] [/workspaces/Lab01] git commit
[2025-04-17 15:48:47] [/workspaces/Lab01] git commit
[2025-04-17 15:48:47] [/workspaces/Lab01] commit the changes
[2025-04-17 15:48:47] [/workspaces/Lab01] "commit the file"
[2025-04-17 15:48:47] [/workspaces/Lab01] "commit the file"
[2025-04-17 15:49:08] [/workspaces/Lab01] git commit -m "Commit the file"
[2025-04-17 15:51:22] [/workspaces/Lab01] git push origin main
[2025-04-17 15:54:07] [/workspaces/Lab01] tar -czvf lab01_notes.tar.gz lab01_notes.txt
[2025-04-17 15:57:24] [/workspaces/Lab01] tar -xzvf lab01_notes.tar.gz
[2025-04-17 15:58:04] [/workspaces/Lab01] zip lab01_notes.zip lab01_notes.txt
[2025-04-17 15:58:38] [/workspaces/Lab01] unzip lab01_notes.zip
[2025-04-17 15:59:44] [/workspaces/Lab01] time ./program.sh 100
[2025-04-17 16:00:05] [/workspaces/Lab01] time ./program.sh 1000
[2025-04-17 16:00:08] [/workspaces/Lab01] time ./program.sh 10000
[2025-04-17 16:02:50] [/workspaces/Lab01] diff file_a.txt file_b.txt
[2025-04-17 16:15:24] [/workspaces/Lab01] diff file_a.txt file_b.txt
[2025-04-17 16:15:26] [/workspaces/Lab01] diff file_a.txt file_b.txt
[2025-04-17 16:15:38] [/workspaces/Lab01] head very_large_text_file.txt
[2025-04-17 16:15:56] [/workspaces/Lab01] tail very_large_text_file.txt
